<?xml version="1.0" encoding="UTF-8"?>
<testng-results ignored="0" total="3" passed="3" failed="0" skipped="0">
  <reporter-output>
  </reporter-output>
  <suite started-at="2024-02-04T23:24:24 IST" name="Suite" finished-at="2024-02-04T23:27:05 IST" duration-ms="161608">
    <groups>
    </groups>
    <test started-at="2024-02-04T23:24:24 IST" name="regression" finished-at="2024-02-04T23:24:40 IST" duration-ms="16102">
      <class name="tests.fromfilling">
        <test-method is-config="true" signature="setup()[pri:0, instance:tests.fromfilling@7ef82753]" started-at="2024-02-04T23:24:24 IST" name="setup" finished-at="2024-02-04T23:24:35 IST" duration-ms="11589" status="PASS">
          <reporter-output>
          </reporter-output>
        </test-method> <!-- setup -->
        <test-method signature="formfill()[pri:0, instance:tests.fromfilling@7ef82753]" started-at="2024-02-04T23:24:35 IST" name="formfill" finished-at="2024-02-04T23:24:39 IST" duration-ms="3508" status="PASS">
          <reporter-output>
          </reporter-output>
        </test-method> <!-- formfill -->
        <test-method is-config="true" signature="tearDown()[pri:0, instance:tests.fromfilling@7ef82753]" started-at="2024-02-04T23:24:39 IST" name="tearDown" finished-at="2024-02-04T23:24:40 IST" duration-ms="936" status="PASS">
          <reporter-output>
          </reporter-output>
        </test-method> <!-- tearDown -->
      </class> <!-- tests.fromfilling -->
    </test> <!-- regression -->
    <test started-at="2024-02-04T23:24:40 IST" name="dropdowns" finished-at="2024-02-04T23:24:56 IST" duration-ms="16787">
      <class name="tests.dropdowns">
        <test-method is-config="true" signature="setup()[pri:0, instance:tests.dropdowns@5386659f]" started-at="2024-02-04T23:24:40 IST" name="setup" finished-at="2024-02-04T23:24:50 IST" duration-ms="10417" status="PASS">
          <reporter-output>
          </reporter-output>
        </test-method> <!-- setup -->
        <test-method signature="testAllDropdowns()[pri:0, instance:tests.dropdowns@5386659f]" started-at="2024-02-04T23:24:50 IST" name="testAllDropdowns" finished-at="2024-02-04T23:24:56 IST" duration-ms="5770" status="PASS">
          <reporter-output>
          </reporter-output>
        </test-method> <!-- testAllDropdowns -->
        <test-method is-config="true" signature="tearDown()[pri:0, instance:tests.dropdowns@5386659f]" started-at="2024-02-04T23:24:56 IST" name="tearDown" finished-at="2024-02-04T23:24:56 IST" duration-ms="594" status="PASS">
          <reporter-output>
          </reporter-output>
        </test-method> <!-- tearDown -->
      </class> <!-- tests.dropdowns -->
    </test> <!-- dropdowns -->
    <test started-at="2024-02-04T23:24:56 IST" name="links" finished-at="2024-02-04T23:27:05 IST" duration-ms="128671">
      <class name="tests.LinksTest">
        <test-method is-config="true" signature="setup()[pri:0, instance:tests.LinksTest@7ce026d3]" started-at="2024-02-04T23:24:56 IST" name="setup" finished-at="2024-02-04T23:25:08 IST" duration-ms="11790" status="PASS">
          <reporter-output>
          </reporter-output>
        </test-method> <!-- setup -->
        <test-method signature="checkAllLinks()[pri:0, instance:tests.LinksTest@7ce026d3]" started-at="2024-02-04T23:25:08 IST" name="checkAllLinks" finished-at="2024-02-04T23:27:05 IST" duration-ms="116459" status="PASS">
          <reporter-output>
          </reporter-output>
        </test-method> <!-- checkAllLinks -->
        <test-method is-config="true" signature="tearDown()[pri:0, instance:tests.LinksTest@7ce026d3]" started-at="2024-02-04T23:27:05 IST" name="tearDown" finished-at="2024-02-04T23:27:05 IST" duration-ms="408" status="PASS">
          <reporter-output>
          </reporter-output>
        </test-method> <!-- tearDown -->
      </class> <!-- tests.LinksTest -->
    </test> <!-- links -->
  </suite> <!-- Suite -->
</testng-results>
